# JRE version: OpenJDK Runtime Environment (8.0_76-b03) (build 1.8.0_76-release-b03)
# Java VM: OpenJDK 64-Bit Server VM (25.76-b03 mixed mode windows-amd64 compressed oops)
Heap:
 PSYoungGen      total 220160K, used 116098K [0x00000000e0000000, 0x00000000f2000000, 0x0000000100000000)
  eden space 199680K, 50% used [0x00000000e0000000,0x00000000e62c0228,0x00000000ec300000)
  from space 20480K, 73% used [0x00000000ec300000,0x00000000ed1a0618,0x00000000ed700000)
  to   space 21504K, 0% used [0x00000000f0b00000,0x00000000f0b00000,0x00000000f2000000)
 ParOldGen       total 89088K, used 43607K [0x00000000a0000000, 0x00000000a5700000, 0x00000000e0000000)
  object space 89088K, 48% used [0x00000000a0000000,0x00000000a2a95dc8,0x00000000a5700000)
 Metaspace       used 64244K, capacity 66730K, committed 66992K, reserved 1107968K
  class space    used 8449K, capacity 9025K, committed 9136K, reserved 1048576K
GC Heap History (10 events):
Event: 18.013 GC heap before
{Heap before GC invocations=16 (full 2):
 PSYoungGen      total 128000K, used 54836K [0x00000000e0000000, 0x00000000ebf80000, 0x0000000100000000)
  eden space 114176K, 35% used [0x00000000e0000000,0x00000000e28109b0,0x00000000e6f80000)
  from space 13824K, 99% used [0x00000000e6f80000,0x00000000e7cfc6c8,0x00000000e7d00000)
  to   space 19456K, 0% used [0x00000000eac80000,0x00000000eac80000,0x00000000ebf80000)
 ParOldGen       total 89088K, used 28272K [0x00000000a0000000, 0x00000000a5700000, 0x00000000e0000000)
  object space 89088K, 31% used [0x00000000a0000000,0x00000000a1b9c380,0x00000000a5700000)
 Metaspace       used 51795K, capacity 53814K, committed 53936K, reserved 1095680K
  class space    used 7094K, capacity 7585K, committed 7600K, reserved 1048576K
Event: 18.031 GC heap after
Heap after GC invocations=16 (full 2):
 PSYoungGen      total 173568K, used 19434K [0x00000000e0000000, 0x00000000ec580000, 0x0000000100000000)
  eden space 154112K, 0% used [0x00000000e0000000,0x00000000e0000000,0x00000000e9680000)
  from space 19456K, 99% used [0x00000000eac80000,0x00000000ebf7a930,0x00000000ebf80000)
  to   space 22528K, 0% used [0x00000000e9680000,0x00000000e9680000,0x00000000eac80000)
 ParOldGen       total 89088K, used 28597K [0x00000000a0000000, 0x00000000a5700000, 0x00000000e0000000)
  object space 89088K, 32% used [0x00000000a0000000,0x00000000a1bed598,0x00000000a5700000)
 Metaspace       used 51795K, capacity 53814K, committed 53936K, reserved 1095680K
  class space    used 7094K, capacity 7585K, committed 7600K, reserved 1048576K
}
Event: 18.031 GC heap before
{Heap before GC invocations=17 (full 3):
 PSYoungGen      total 173568K, used 19434K [0x00000000e0000000, 0x00000000ec580000, 0x0000000100000000)
  eden space 154112K, 0% used [0x00000000e0000000,0x00000000e0000000,0x00000000e9680000)
  from space 19456K, 99% used [0x00000000eac80000,0x00000000ebf7a930,0x00000000ebf80000)
  to   space 22528K, 0% used [0x00000000e9680000,0x00000000e9680000,0x00000000eac80000)
 ParOldGen       total 89088K, used 28597K [0x00000000a0000000, 0x00000000a5700000, 0x00000000e0000000)
  object space 89088K, 32% used [0x00000000a0000000,0x00000000a1bed598,0x00000000a5700000)
 Metaspace       used 51795K, capacity 53814K, committed 53936K, reserved 1095680K
  class space    used 7094K, capacity 7585K, committed 7600K, reserved 1048576K
Event: 18.264 GC heap after
Heap after GC invocations=17 (full 3):
 PSYoungGen      total 173568K, used 0K [0x00000000e0000000, 0x00000000ec580000, 0x0000000100000000)
  eden space 154112K, 0% used [0x00000000e0000000,0x00000000e0000000,0x00000000e9680000)
  from space 19456K, 0% used [0x00000000eac80000,0x00000000eac80000,0x00000000ebf80000)
  to   space 22528K, 0% used [0x00000000e9680000,0x00000000e9680000,0x00000000eac80000)
 ParOldGen       total 89088K, used 43583K [0x00000000a0000000, 0x00000000a5700000, 0x00000000e0000000)
  object space 89088K, 48% used [0x00000000a0000000,0x00000000a2a8fdc8,0x00000000a5700000)
 Metaspace       used 51795K, capacity 53814K, committed 53936K, reserved 1095680K
  class space    used 7094K, capacity 7585K, committed 7600K, reserved 1048576K
}
Event: 27.997 GC heap before
{Heap before GC invocations=18 (full 3):
 PSYoungGen      total 173568K, used 154112K [0x00000000e0000000, 0x00000000ec580000, 0x0000000100000000)
  eden space 154112K, 100% used [0x00000000e0000000,0x00000000e9680000,0x00000000e9680000)
  from space 19456K, 0% used [0x00000000eac80000,0x00000000eac80000,0x00000000ebf80000)
  to   space 22528K, 0% used [0x00000000e9680000,0x00000000e9680000,0x00000000eac80000)
 ParOldGen       total 89088K, used 43583K [0x00000000a0000000, 0x00000000a5700000, 0x00000000e0000000)
  object space 89088K, 48% used [0x00000000a0000000,0x00000000a2a8fdc8,0x00000000a5700000)
 Metaspace       used 54653K, capacity 56830K, committed 57136K, reserved 1097728K
  class space    used 7393K, capacity 7889K, committed 7984K, reserved 1048576K
Event: 28.006 GC heap after
Heap after GC invocations=18 (full 3):
 PSYoungGen      total 176640K, used 8468K [0x00000000e0000000, 0x00000000ef380000, 0x0000000100000000)
  eden space 154112K, 0% used [0x00000000e0000000,0x00000000e0000000,0x00000000e9680000)
  from space 22528K, 37% used [0x00000000e9680000,0x00000000e9ec51f0,0x00000000eac80000)
  to   space 21504K, 0% used [0x00000000ede80000,0x00000000ede80000,0x00000000ef380000)
 ParOldGen       total 89088K, used 43591K [0x00000000a0000000, 0x00000000a5700000, 0x00000000e0000000)
  object space 89088K, 48% used [0x00000000a0000000,0x00000000a2a91dc8,0x00000000a5700000)
 Metaspace       used 54653K, capacity 56830K, committed 57136K, reserved 1097728K
  class space    used 7393K, capacity 7889K, committed 7984K, reserved 1048576K
}
Event: 116.317 GC heap before
{Heap before GC invocations=19 (full 3):
 PSYoungGen      total 176640K, used 162580K [0x00000000e0000000, 0x00000000ef380000, 0x0000000100000000)
  eden space 154112K, 100% used [0x00000000e0000000,0x00000000e9680000,0x00000000e9680000)
  from space 22528K, 37% used [0x00000000e9680000,0x00000000e9ec51f0,0x00000000eac80000)
  to   space 21504K, 0% used [0x00000000ede80000,0x00000000ede80000,0x00000000ef380000)
 ParOldGen       total 89088K, used 43591K [0x00000000a0000000, 0x00000000a5700000, 0x00000000e0000000)
  object space 89088K, 48% used [0x00000000a0000000,0x00000000a2a91dc8,0x00000000a5700000)
 Metaspace       used 56543K, capacity 58814K, committed 58928K, reserved 1099776K
  class space    used 7631K, capacity 8147K, committed 8240K, reserved 1048576K
Event: 116.329 GC heap after
Heap after GC invocations=19 (full 3):
 PSYoungGen      total 212480K, used 10282K [0x00000000e0000000, 0x00000000eeb00000, 0x0000000100000000)
  eden space 199680K, 0% used [0x00000000e0000000,0x00000000e0000000,0x00000000ec300000)
  from space 12800K, 80% used [0x00000000ede80000,0x00000000ee88ab18,0x00000000eeb00000)
  to   space 20480K, 0% used [0x00000000ec300000,0x00000000ec300000,0x00000000ed700000)
 ParOldGen       total 89088K, used 43599K [0x00000000a0000000, 0x00000000a5700000, 0x00000000e0000000)
  object space 89088K, 48% used [0x00000000a0000000,0x00000000a2a93dc8,0x00000000a5700000)
 Metaspace       used 56543K, capacity 58814K, committed 58928K, reserved 1099776K
  class space    used 7631K, capacity 8147K, committed 8240K, reserved 1048576K
}
Event: 133.995 GC heap before
{Heap before GC invocations=20 (full 3):
 PSYoungGen      total 212480K, used 209962K [0x00000000e0000000, 0x00000000eeb00000, 0x0000000100000000)
  eden space 199680K, 100% used [0x00000000e0000000,0x00000000ec300000,0x00000000ec300000)
  from space 12800K, 80% used [0x00000000ede80000,0x00000000ee88ab18,0x00000000eeb00000)
  to   space 20480K, 0% used [0x00000000ec300000,0x00000000ec300000,0x00000000ed700000)
 ParOldGen       total 89088K, used 43599K [0x00000000a0000000, 0x00000000a5700000, 0x00000000e0000000)
  object space 89088K, 48% used [0x00000000a0000000,0x00000000a2a93dc8,0x00000000a5700000)
 Metaspace       used 58661K, capacity 61126K, committed 61488K, reserved 1101824K
  class space    used 7824K, capacity 8377K, committed 8496K, reserved 1048576K
Event: 134.034 GC heap after
Heap after GC invocations=20 (full 3):
 PSYoungGen      total 220160K, used 14977K [0x00000000e0000000, 0x00000000f2000000, 0x0000000100000000)
  eden space 199680K, 0% used [0x00000000e0000000,0x00000000e0000000,0x00000000ec300000)
  from space 20480K, 73% used [0x00000000ec300000,0x00000000ed1a0618,0x00000000ed700000)
  to   space 21504K, 0% used [0x00000000f0b00000,0x00000000f0b00000,0x00000000f2000000)
 ParOldGen       total 89088K, used 43607K [0x00000000a0000000, 0x00000000a5700000, 0x00000000e0000000)
  object space 89088K, 48% used [0x00000000a0000000,0x00000000a2a95dc8,0x00000000a5700000)
 Metaspace       used 58661K, capacity 61126K, committed 61488K, reserved 1101824K
  class space    used 7824K, capacity 8377K, committed 8496K, reserved 1048576K
}

