# JRE version: OpenJDK Runtime Environment (8.0_76-b03) (build 1.8.0_76-release-b03)
# Java VM: OpenJDK 64-Bit Server VM (25.76-b03 mixed mode windows-amd64 compressed oops)
Heap:
 PSYoungGen      total 276480K, used 237543K [0x00000000e0000000, 0x00000000f2e80000, 0x0000000100000000)
  eden space 247808K, 87% used [0x00000000e0000000,0x00000000ed3a20d8,0x00000000ef200000)
  from space 28672K, 72% used [0x00000000f0f80000,0x00000000f23d7c50,0x00000000f2b80000)
  to   space 30208K, 0% used [0x00000000ef200000,0x00000000ef200000,0x00000000f0f80000)
 ParOldGen       total 168960K, used 48162K [0x00000000a0000000, 0x00000000aa500000, 0x00000000e0000000)
  object space 168960K, 28% used [0x00000000a0000000,0x00000000a2f08a30,0x00000000aa500000)
 Metaspace       used 63802K, capacity 65520K, committed 65664K, reserved 1105920K
  class space    used 8126K, capacity 8525K, committed 8576K, reserved 1048576K
GC Heap History (10 events):
Event: 60.457 GC heap before
{Heap before GC invocations=15 (full 2):
 PSYoungGen      total 176640K, used 76436K [0x00000000e0000000, 0x00000000ec500000, 0x0000000100000000)
  eden space 155648K, 37% used [0x00000000e0000000,0x00000000e3840170,0x00000000e9800000)
  from space 20992K, 89% used [0x00000000eb000000,0x00000000ec265148,0x00000000ec480000)
  to   space 23040K, 0% used [0x00000000e9800000,0x00000000e9800000,0x00000000eae80000)
 ParOldGen       total 104448K, used 29845K [0x00000000a0000000, 0x00000000a6600000, 0x00000000e0000000)
  object space 104448K, 28% used [0x00000000a0000000,0x00000000a1d25748,0x00000000a6600000)
 Metaspace       used 57652K, capacity 59104K, committed 59136K, reserved 1099776K
  class space    used 7529K, capacity 7925K, committed 7936K, reserved 1048576K
Event: 60.490 GC heap after
Heap after GC invocations=15 (full 2):
 PSYoungGen      total 178688K, used 23026K [0x00000000e0000000, 0x00000000ef800000, 0x0000000100000000)
  eden space 155648K, 0% used [0x00000000e0000000,0x00000000e0000000,0x00000000e9800000)
  from space 23040K, 99% used [0x00000000e9800000,0x00000000eae7cab8,0x00000000eae80000)
  to   space 29696K, 0% used [0x00000000edb00000,0x00000000edb00000,0x00000000ef800000)
 ParOldGen       total 104448K, used 39176K [0x00000000a0000000, 0x00000000a6600000, 0x00000000e0000000)
  object space 104448K, 37% used [0x00000000a0000000,0x00000000a2642348,0x00000000a6600000)
 Metaspace       used 57652K, capacity 59104K, committed 59136K, reserved 1099776K
  class space    used 7529K, capacity 7925K, committed 7936K, reserved 1048576K
}
Event: 60.490 GC heap before
{Heap before GC invocations=16 (full 3):
 PSYoungGen      total 178688K, used 23026K [0x00000000e0000000, 0x00000000ef800000, 0x0000000100000000)
  eden space 155648K, 0% used [0x00000000e0000000,0x00000000e0000000,0x00000000e9800000)
  from space 23040K, 99% used [0x00000000e9800000,0x00000000eae7cab8,0x00000000eae80000)
  to   space 29696K, 0% used [0x00000000edb00000,0x00000000edb00000,0x00000000ef800000)
 ParOldGen       total 104448K, used 39176K [0x00000000a0000000, 0x00000000a6600000, 0x00000000e0000000)
  object space 104448K, 37% used [0x00000000a0000000,0x00000000a2642348,0x00000000a6600000)
 Metaspace       used 57652K, capacity 59104K, committed 59136K, reserved 1099776K
  class space    used 7529K, capacity 7925K, committed 7936K, reserved 1048576K
Event: 60.717 GC heap after
Heap after GC invocations=16 (full 3):
 PSYoungGen      total 178688K, used 0K [0x00000000e0000000, 0x00000000ef800000, 0x0000000100000000)
  eden space 155648K, 0% used [0x00000000e0000000,0x00000000e0000000,0x00000000e9800000)
  from space 23040K, 0% used [0x00000000e9800000,0x00000000e9800000,0x00000000eae80000)
  to   space 29696K, 0% used [0x00000000edb00000,0x00000000edb00000,0x00000000ef800000)
 ParOldGen       total 168960K, used 48138K [0x00000000a0000000, 0x00000000aa500000, 0x00000000e0000000)
  object space 168960K, 28% used [0x00000000a0000000,0x00000000a2f02a30,0x00000000aa500000)
 Metaspace       used 57650K, capacity 59098K, committed 59136K, reserved 1099776K
  class space    used 7528K, capacity 7924K, committed 7936K, reserved 1048576K
}
Event: 61.711 GC heap before
{Heap before GC invocations=17 (full 3):
 PSYoungGen      total 178688K, used 155363K [0x00000000e0000000, 0x00000000ef800000, 0x0000000100000000)
  eden space 155648K, 99% used [0x00000000e0000000,0x00000000e97b8c28,0x00000000e9800000)
  from space 23040K, 0% used [0x00000000e9800000,0x00000000e9800000,0x00000000eae80000)
  to   space 29696K, 0% used [0x00000000edb00000,0x00000000edb00000,0x00000000ef800000)
 ParOldGen       total 168960K, used 48138K [0x00000000a0000000, 0x00000000aa500000, 0x00000000e0000000)
  object space 168960K, 28% used [0x00000000a0000000,0x00000000a2f02a30,0x00000000aa500000)
 Metaspace       used 58931K, capacity 60570K, committed 60672K, reserved 1101824K
  class space    used 7694K, capacity 8104K, committed 8192K, reserved 1048576K
Event: 61.717 GC heap after
Heap after GC invocations=17 (full 3):
 PSYoungGen      total 224768K, used 7170K [0x00000000e0000000, 0x00000000efa00000, 0x0000000100000000)
  eden space 195072K, 0% used [0x00000000e0000000,0x00000000e0000000,0x00000000ebe80000)
  from space 29696K, 24% used [0x00000000edb00000,0x00000000ee200a68,0x00000000ef800000)
  to   space 29184K, 0% used [0x00000000ebe80000,0x00000000ebe80000,0x00000000edb00000)
 ParOldGen       total 168960K, used 48146K [0x00000000a0000000, 0x00000000aa500000, 0x00000000e0000000)
  object space 168960K, 28% used [0x00000000a0000000,0x00000000a2f04a30,0x00000000aa500000)
 Metaspace       used 58931K, capacity 60570K, committed 60672K, reserved 1101824K
  class space    used 7694K, capacity 8104K, committed 8192K, reserved 1048576K
}
Event: 62.103 GC heap before
{Heap before GC invocations=18 (full 3):
 PSYoungGen      total 224768K, used 202242K [0x00000000e0000000, 0x00000000efa00000, 0x0000000100000000)
  eden space 195072K, 100% used [0x00000000e0000000,0x00000000ebe80000,0x00000000ebe80000)
  from space 29696K, 24% used [0x00000000edb00000,0x00000000ee200a68,0x00000000ef800000)
  to   space 29184K, 0% used [0x00000000ebe80000,0x00000000ebe80000,0x00000000edb00000)
 ParOldGen       total 168960K, used 48146K [0x00000000a0000000, 0x00000000aa500000, 0x00000000e0000000)
  object space 168960K, 28% used [0x00000000a0000000,0x00000000a2f04a30,0x00000000aa500000)
 Metaspace       used 59206K, capacity 60828K, committed 60928K, reserved 1101824K
  class space    used 7727K, capacity 8117K, committed 8192K, reserved 1048576K
Event: 62.109 GC heap after
Heap after GC invocations=18 (full 3):
 PSYoungGen      total 224256K, used 6616K [0x00000000e0000000, 0x00000000f2b80000, 0x0000000100000000)
  eden space 195072K, 0% used [0x00000000e0000000,0x00000000e0000000,0x00000000ebe80000)
  from space 29184K, 22% used [0x00000000ebe80000,0x00000000ec4f61f0,0x00000000edb00000)
  to   space 28672K, 0% used [0x00000000f0f80000,0x00000000f0f80000,0x00000000f2b80000)
 ParOldGen       total 168960K, used 48154K [0x00000000a0000000, 0x00000000aa500000, 0x00000000e0000000)
  object space 168960K, 28% used [0x00000000a0000000,0x00000000a2f06a30,0x00000000aa500000)
 Metaspace       used 59206K, capacity 60828K, committed 60928K, reserved 1101824K
  class space    used 7727K, capacity 8117K, committed 8192K, reserved 1048576K
}
Event: 64.461 GC heap before
{Heap before GC invocations=19 (full 3):
 PSYoungGen      total 224256K, used 201688K [0x00000000e0000000, 0x00000000f2b80000, 0x0000000100000000)
  eden space 195072K, 100% used [0x00000000e0000000,0x00000000ebe80000,0x00000000ebe80000)
  from space 29184K, 22% used [0x00000000ebe80000,0x00000000ec4f61f0,0x00000000edb00000)
  to   space 28672K, 0% used [0x00000000f0f80000,0x00000000f0f80000,0x00000000f2b80000)
 ParOldGen       total 168960K, used 48154K [0x00000000a0000000, 0x00000000aa500000, 0x00000000e0000000)
  object space 168960K, 28% used [0x00000000a0000000,0x00000000a2f06a30,0x00000000aa500000)
 Metaspace       used 63679K, capacity 65456K, committed 65664K, reserved 1105920K
  class space    used 8125K, capacity 8525K, committed 8576K, reserved 1048576K
Event: 64.489 GC heap after
Heap after GC invocations=19 (full 3):
 PSYoungGen      total 276480K, used 20831K [0x00000000e0000000, 0x00000000f2e80000, 0x0000000100000000)
  eden space 247808K, 0% used [0x00000000e0000000,0x00000000e0000000,0x00000000ef200000)
  from space 28672K, 72% used [0x00000000f0f80000,0x00000000f23d7c50,0x00000000f2b80000)
  to   space 30208K, 0% used [0x00000000ef200000,0x00000000ef200000,0x00000000f0f80000)
 ParOldGen       total 168960K, used 48162K [0x00000000a0000000, 0x00000000aa500000, 0x00000000e0000000)
  object space 168960K, 28% used [0x00000000a0000000,0x00000000a2f08a30,0x00000000aa500000)
 Metaspace       used 63679K, capacity 65456K, committed 65664K, reserved 1105920K
  class space    used 8125K, capacity 8525K, committed 8576K, reserved 1048576K
}

