# JRE version: OpenJDK Runtime Environment (8.0_76-b03) (build 1.8.0_76-release-b03)
# Java VM: OpenJDK 64-Bit Server VM (25.76-b03 mixed mode windows-amd64 compressed oops)
Heap:
 PSYoungGen      total 410624K, used 58608K [0x00000000e0000000, 0x00000000ffb80000, 0x0000000100000000)
  eden space 304640K, 16% used [0x00000000e0000000,0x00000000e3178250,0x00000000f2980000)
  from space 105984K, 7% used [0x00000000f2980000,0x00000000f3144010,0x00000000f9100000)
  to   space 103424K, 0% used [0x00000000f9680000,0x00000000f9680000,0x00000000ffb80000)
 ParOldGen       total 259072K, used 40716K [0x00000000a0000000, 0x00000000afd00000, 0x00000000e0000000)
  object space 259072K, 15% used [0x00000000a0000000,0x00000000a27c3070,0x00000000afd00000)
 Metaspace       used 68136K, capacity 70054K, committed 70272K, reserved 1110016K
  class space    used 8558K, capacity 8980K, committed 9088K, reserved 1048576K
GC Heap History (10 events):
Event: 25.816 GC heap before
{Heap before GC invocations=28 (full 4):
 PSYoungGen      total 384000K, used 310272K [0x00000000e0000000, 0x0000000100000000, 0x0000000100000000)
  eden space 310272K, 100% used [0x00000000e0000000,0x00000000f2f00000,0x00000000f2f00000)
  from space 73728K, 0% used [0x00000000f2f00000,0x00000000f2f00000,0x00000000f7700000)
  to   space 113152K, 0% used [0x00000000f9180000,0x00000000f9180000,0x0000000100000000)
 ParOldGen       total 259072K, used 100961K [0x00000000a0000000, 0x00000000afd00000, 0x00000000e0000000)
  object space 259072K, 38% used [0x00000000a0000000,0x00000000a6298630,0x00000000afd00000)
 Metaspace       used 64732K, capacity 66522K, committed 66816K, reserved 1107968K
  class space    used 8212K, capacity 8622K, committed 8704K, reserved 1048576K
Event: 25.840 GC heap after
Heap after GC invocations=28 (full 4):
 PSYoungGen      total 417792K, used 38793K [0x00000000e0000000, 0x0000000100000000, 0x0000000100000000)
  eden space 304640K, 0% used [0x00000000e0000000,0x00000000e0000000,0x00000000f2980000)
  from space 113152K, 34% used [0x00000000f9180000,0x00000000fb762458,0x0000000100000000)
  to   space 106496K, 0% used [0x00000000f2980000,0x00000000f2980000,0x00000000f9180000)
 ParOldGen       total 259072K, used 100969K [0x00000000a0000000, 0x00000000afd00000, 0x00000000e0000000)
  object space 259072K, 38% used [0x00000000a0000000,0x00000000a629a630,0x00000000afd00000)
 Metaspace       used 64732K, capacity 66522K, committed 66816K, reserved 1107968K
  class space    used 8212K, capacity 8622K, committed 8704K, reserved 1048576K
}
Event: 26.635 GC heap before
{Heap before GC invocations=29 (full 4):
 PSYoungGen      total 417792K, used 342691K [0x00000000e0000000, 0x0000000100000000, 0x0000000100000000)
  eden space 304640K, 99% used [0x00000000e0000000,0x00000000f28c67e0,0x00000000f2980000)
  from space 113152K, 34% used [0x00000000f9180000,0x00000000fb762458,0x0000000100000000)
  to   space 106496K, 0% used [0x00000000f2980000,0x00000000f2980000,0x00000000f9180000)
 ParOldGen       total 259072K, used 100969K [0x00000000a0000000, 0x00000000afd00000, 0x00000000e0000000)
  object space 259072K, 38% used [0x00000000a0000000,0x00000000a629a630,0x00000000afd00000)
 Metaspace       used 65835K, capacity 67680K, committed 67968K, reserved 1107968K
  class space    used 8369K, capacity 8791K, committed 8832K, reserved 1048576K
Event: 26.653 GC heap after
Heap after GC invocations=29 (full 4):
 PSYoungGen      total 411136K, used 5733K [0x00000000e0000000, 0x00000000ff980000, 0x0000000100000000)
  eden space 304640K, 0% used [0x00000000e0000000,0x00000000e0000000,0x00000000f2980000)
  from space 106496K, 5% used [0x00000000f2980000,0x00000000f2f195b8,0x00000000f9180000)
  to   space 106496K, 0% used [0x00000000f9180000,0x00000000f9180000,0x00000000ff980000)
 ParOldGen       total 259072K, used 117823K [0x00000000a0000000, 0x00000000afd00000, 0x00000000e0000000)
  object space 259072K, 45% used [0x00000000a0000000,0x00000000a730fe10,0x00000000afd00000)
 Metaspace       used 65835K, capacity 67680K, committed 67968K, reserved 1107968K
  class space    used 8369K, capacity 8791K, committed 8832K, reserved 1048576K
}
Event: 26.910 GC heap before
{Heap before GC invocations=30 (full 4):
 PSYoungGen      total 411136K, used 110285K [0x00000000e0000000, 0x00000000ff980000, 0x0000000100000000)
  eden space 304640K, 34% used [0x00000000e0000000,0x00000000e661a090,0x00000000f2980000)
  from space 106496K, 5% used [0x00000000f2980000,0x00000000f2f195b8,0x00000000f9180000)
  to   space 106496K, 0% used [0x00000000f9180000,0x00000000f9180000,0x00000000ff980000)
 ParOldGen       total 259072K, used 117823K [0x00000000a0000000, 0x00000000afd00000, 0x00000000e0000000)
  object space 259072K, 45% used [0x00000000a0000000,0x00000000a730fe10,0x00000000afd00000)
 Metaspace       used 67291K, capacity 69204K, committed 69376K, reserved 1110016K
  class space    used 8533K, capacity 8953K, committed 8960K, reserved 1048576K
Event: 26.914 GC heap after
Heap after GC invocations=30 (full 4):
 PSYoungGen      total 410112K, used 1409K [0x00000000e0000000, 0x00000000ff880000, 0x0000000100000000)
  eden space 304640K, 0% used [0x00000000e0000000,0x00000000e0000000,0x00000000f2980000)
  from space 105472K, 1% used [0x00000000f9180000,0x00000000f92e07f0,0x00000000ff880000)
  to   space 105984K, 0% used [0x00000000f2980000,0x00000000f2980000,0x00000000f9100000)
 ParOldGen       total 259072K, used 118631K [0x00000000a0000000, 0x00000000afd00000, 0x00000000e0000000)
  object space 259072K, 45% used [0x00000000a0000000,0x00000000a73d9e10,0x00000000afd00000)
 Metaspace       used 67291K, capacity 69204K, committed 69376K, reserved 1110016K
  class space    used 8533K, capacity 8953K, committed 8960K, reserved 1048576K
}
Event: 26.914 GC heap before
{Heap before GC invocations=31 (full 5):
 PSYoungGen      total 410112K, used 1409K [0x00000000e0000000, 0x00000000ff880000, 0x0000000100000000)
  eden space 304640K, 0% used [0x00000000e0000000,0x00000000e0000000,0x00000000f2980000)
  from space 105472K, 1% used [0x00000000f9180000,0x00000000f92e07f0,0x00000000ff880000)
  to   space 105984K, 0% used [0x00000000f2980000,0x00000000f2980000,0x00000000f9100000)
 ParOldGen       total 259072K, used 118631K [0x00000000a0000000, 0x00000000afd00000, 0x00000000e0000000)
  object space 259072K, 45% used [0x00000000a0000000,0x00000000a73d9e10,0x00000000afd00000)
 Metaspace       used 67291K, capacity 69204K, committed 69376K, reserved 1110016K
  class space    used 8533K, capacity 8953K, committed 8960K, reserved 1048576K
Event: 27.119 GC heap after
Heap after GC invocations=31 (full 5):
 PSYoungGen      total 410112K, used 0K [0x00000000e0000000, 0x00000000ff880000, 0x0000000100000000)
  eden space 304640K, 0% used [0x00000000e0000000,0x00000000e0000000,0x00000000f2980000)
  from space 105472K, 0% used [0x00000000f9180000,0x00000000f9180000,0x00000000ff880000)
  to   space 105984K, 0% used [0x00000000f2980000,0x00000000f2980000,0x00000000f9100000)
 ParOldGen       total 259072K, used 40708K [0x00000000a0000000, 0x00000000afd00000, 0x00000000e0000000)
  object space 259072K, 15% used [0x00000000a0000000,0x00000000a27c1070,0x00000000afd00000)
 Metaspace       used 67291K, capacity 69204K, committed 69376K, reserved 1110016K
  class space    used 8533K, capacity 8953K, committed 8960K, reserved 1048576K
}
Event: 285.547 GC heap before
{Heap before GC invocations=32 (full 5):
 PSYoungGen      total 410112K, used 304640K [0x00000000e0000000, 0x00000000ff880000, 0x0000000100000000)
  eden space 304640K, 100% used [0x00000000e0000000,0x00000000f2980000,0x00000000f2980000)
  from space 105472K, 0% used [0x00000000f9180000,0x00000000f9180000,0x00000000ff880000)
  to   space 105984K, 0% used [0x00000000f2980000,0x00000000f2980000,0x00000000f9100000)
 ParOldGen       total 259072K, used 40708K [0x00000000a0000000, 0x00000000afd00000, 0x00000000e0000000)
  object space 259072K, 15% used [0x00000000a0000000,0x00000000a27c1070,0x00000000afd00000)
 Metaspace       used 68047K, capacity 69964K, committed 70272K, reserved 1110016K
  class space    used 8556K, capacity 8977K, committed 9088K, reserved 1048576K
Event: 285.558 GC heap after
Heap after GC invocations=32 (full 5):
 PSYoungGen      total 410624K, used 7952K [0x00000000e0000000, 0x00000000ffb80000, 0x0000000100000000)
  eden space 304640K, 0% used [0x00000000e0000000,0x00000000e0000000,0x00000000f2980000)
  from space 105984K, 7% used [0x00000000f2980000,0x00000000f3144010,0x00000000f9100000)
  to   space 103424K, 0% used [0x00000000f9680000,0x00000000f9680000,0x00000000ffb80000)
 ParOldGen       total 259072K, used 40716K [0x00000000a0000000, 0x00000000afd00000, 0x00000000e0000000)
  object space 259072K, 15% used [0x00000000a0000000,0x00000000a27c3070,0x00000000afd00000)
 Metaspace       used 68047K, capacity 69964K, committed 70272K, reserved 1110016K
  class space    used 8556K, capacity 8977K, committed 9088K, reserved 1048576K
}

