# JRE version: OpenJDK Runtime Environment (8.0_76-b03) (build 1.8.0_76-release-b03)
# Java VM: OpenJDK 64-Bit Server VM (25.76-b03 mixed mode windows-amd64 compressed oops)
Heap:
 PSYoungGen      total 242176K, used 23656K [0x00000000e0000000, 0x00000000f1d80000, 0x0000000100000000)
  eden space 221696K, 5% used [0x00000000e0000000,0x00000000e0c32210,0x00000000ed880000)
  from space 20480K, 54% used [0x00000000ed880000,0x00000000ee368070,0x00000000eec80000)
  to   space 19968K, 0% used [0x00000000f0a00000,0x00000000f0a00000,0x00000000f1d80000)
 ParOldGen       total 156672K, used 23303K [0x00000000a0000000, 0x00000000a9900000, 0x00000000e0000000)
  object space 156672K, 14% used [0x00000000a0000000,0x00000000a16c1f60,0x00000000a9900000)
 Metaspace       used 62043K, capacity 63622K, committed 64256K, reserved 1105920K
  class space    used 7816K, capacity 8146K, committed 8448K, reserved 1048576K
GC Heap History (10 events):
Event: 11.416 GC heap before
{Heap before GC invocations=16 (full 4):
 PSYoungGen      total 204288K, used 9627K [0x00000000e0000000, 0x00000000ee100000, 0x0000000100000000)
  eden space 190464K, 0% used [0x00000000e0000000,0x00000000e0000000,0x00000000eba00000)
  from space 13824K, 69% used [0x00000000ed380000,0x00000000edce6e10,0x00000000ee100000)
  to   space 19968K, 0% used [0x00000000eba00000,0x00000000eba00000,0x00000000ecd80000)
 ParOldGen       total 156672K, used 40259K [0x00000000a0000000, 0x00000000a9900000, 0x00000000e0000000)
  object space 156672K, 25% used [0x00000000a0000000,0x00000000a2750eb8,0x00000000a9900000)
 Metaspace       used 60704K, capacity 62172K, committed 62208K, reserved 1103872K
  class space    used 7815K, capacity 8187K, committed 8192K, reserved 1048576K
Event: 11.559 GC heap after
Heap after GC invocations=16 (full 4):
 PSYoungGen      total 204288K, used 0K [0x00000000e0000000, 0x00000000ee100000, 0x0000000100000000)
  eden space 190464K, 0% used [0x00000000e0000000,0x00000000e0000000,0x00000000eba00000)
  from space 13824K, 0% used [0x00000000ed380000,0x00000000ed380000,0x00000000ee100000)
  to   space 19968K, 0% used [0x00000000eba00000,0x00000000eba00000,0x00000000ecd80000)
 ParOldGen       total 156672K, used 34615K [0x00000000a0000000, 0x00000000a9900000, 0x00000000e0000000)
  object space 156672K, 22% used [0x00000000a0000000,0x00000000a21cdef0,0x00000000a9900000)
 Metaspace       used 60704K, capacity 62172K, committed 62208K, reserved 1103872K
  class space    used 7815K, capacity 8187K, committed 8192K, reserved 1048576K
}
Event: 2910.358 GC heap before
{Heap before GC invocations=17 (full 4):
 PSYoungGen      total 204288K, used 190464K [0x00000000e0000000, 0x00000000ee100000, 0x0000000100000000)
  eden space 190464K, 100% used [0x00000000e0000000,0x00000000eba00000,0x00000000eba00000)
  from space 13824K, 0% used [0x00000000ed380000,0x00000000ed380000,0x00000000ee100000)
  to   space 19968K, 0% used [0x00000000eba00000,0x00000000eba00000,0x00000000ecd80000)
 ParOldGen       total 156672K, used 34615K [0x00000000a0000000, 0x00000000a9900000, 0x00000000e0000000)
  object space 156672K, 22% used [0x00000000a0000000,0x00000000a21cdef0,0x00000000a9900000)
 Metaspace       used 62035K, capacity 63626K, committed 63872K, reserved 1105920K
  class space    used 7903K, capacity 8290K, committed 8320K, reserved 1048576K
Event: 2910.374 GC heap after
Heap after GC invocations=17 (full 4):
 PSYoungGen      total 210432K, used 7123K [0x00000000e0000000, 0x00000000eff80000, 0x0000000100000000)
  eden space 190464K, 0% used [0x00000000e0000000,0x00000000e0000000,0x00000000eba00000)
  from space 19968K, 35% used [0x00000000eba00000,0x00000000ec0f4f90,0x00000000ecd80000)
  to   space 19456K, 0% used [0x00000000eec80000,0x00000000eec80000,0x00000000eff80000)
 ParOldGen       total 156672K, used 34623K [0x00000000a0000000, 0x00000000a9900000, 0x00000000e0000000)
  object space 156672K, 22% used [0x00000000a0000000,0x00000000a21cfef0,0x00000000a9900000)
 Metaspace       used 62035K, capacity 63626K, committed 63872K, reserved 1105920K
  class space    used 7903K, capacity 8290K, committed 8320K, reserved 1048576K
}
Event: 2910.736 GC heap before
{Heap before GC invocations=18 (full 4):
 PSYoungGen      total 210432K, used 16050K [0x00000000e0000000, 0x00000000eff80000, 0x0000000100000000)
  eden space 190464K, 4% used [0x00000000e0000000,0x00000000e08b7890,0x00000000eba00000)
  from space 19968K, 35% used [0x00000000eba00000,0x00000000ec0f4f90,0x00000000ecd80000)
  to   space 19456K, 0% used [0x00000000eec80000,0x00000000eec80000,0x00000000eff80000)
 ParOldGen       total 156672K, used 34623K [0x00000000a0000000, 0x00000000a9900000, 0x00000000e0000000)
  object space 156672K, 22% used [0x00000000a0000000,0x00000000a21cfef0,0x00000000a9900000)
 Metaspace       used 62240K, capacity 63856K, committed 64256K, reserved 1105920K
  class space    used 7923K, capacity 8323K, committed 8448K, reserved 1048576K
Event: 2910.739 GC heap after
Heap after GC invocations=18 (full 4):
 PSYoungGen      total 241152K, used 663K [0x00000000e0000000, 0x00000000f0180000, 0x0000000100000000)
  eden space 221696K, 0% used [0x00000000e0000000,0x00000000e0000000,0x00000000ed880000)
  from space 19456K, 3% used [0x00000000eec80000,0x00000000eed25c60,0x00000000eff80000)
  to   space 20480K, 0% used [0x00000000ed880000,0x00000000ed880000,0x00000000eec80000)
 ParOldGen       total 156672K, used 34631K [0x00000000a0000000, 0x00000000a9900000, 0x00000000e0000000)
  object space 156672K, 22% used [0x00000000a0000000,0x00000000a21d1ef0,0x00000000a9900000)
 Metaspace       used 62240K, capacity 63856K, committed 64256K, reserved 1105920K
  class space    used 7923K, capacity 8323K, committed 8448K, reserved 1048576K
}
Event: 2910.739 GC heap before
{Heap before GC invocations=19 (full 5):
 PSYoungGen      total 241152K, used 663K [0x00000000e0000000, 0x00000000f0180000, 0x0000000100000000)
  eden space 221696K, 0% used [0x00000000e0000000,0x00000000e0000000,0x00000000ed880000)
  from space 19456K, 3% used [0x00000000eec80000,0x00000000eed25c60,0x00000000eff80000)
  to   space 20480K, 0% used [0x00000000ed880000,0x00000000ed880000,0x00000000eec80000)
 ParOldGen       total 156672K, used 34631K [0x00000000a0000000, 0x00000000a9900000, 0x00000000e0000000)
  object space 156672K, 22% used [0x00000000a0000000,0x00000000a21d1ef0,0x00000000a9900000)
 Metaspace       used 62240K, capacity 63856K, committed 64256K, reserved 1105920K
  class space    used 7923K, capacity 8323K, committed 8448K, reserved 1048576K
Event: 2910.959 GC heap after
Heap after GC invocations=19 (full 5):
 PSYoungGen      total 241152K, used 0K [0x00000000e0000000, 0x00000000f0180000, 0x0000000100000000)
  eden space 221696K, 0% used [0x00000000e0000000,0x00000000e0000000,0x00000000ed880000)
  from space 19456K, 0% used [0x00000000eec80000,0x00000000eec80000,0x00000000eff80000)
  to   space 20480K, 0% used [0x00000000ed880000,0x00000000ed880000,0x00000000eec80000)
 ParOldGen       total 156672K, used 23295K [0x00000000a0000000, 0x00000000a9900000, 0x00000000e0000000)
  object space 156672K, 14% used [0x00000000a0000000,0x00000000a16bff60,0x00000000a9900000)
 Metaspace       used 61269K, capacity 62424K, committed 64256K, reserved 1105920K
  class space    used 7757K, capacity 8046K, committed 8448K, reserved 1048576K
}
Event: 3359.731 GC heap before
{Heap before GC invocations=20 (full 5):
 PSYoungGen      total 241152K, used 221696K [0x00000000e0000000, 0x00000000f0180000, 0x0000000100000000)
  eden space 221696K, 100% used [0x00000000e0000000,0x00000000ed880000,0x00000000ed880000)
  from space 19456K, 0% used [0x00000000eec80000,0x00000000eec80000,0x00000000eff80000)
  to   space 20480K, 0% used [0x00000000ed880000,0x00000000ed880000,0x00000000eec80000)
 ParOldGen       total 156672K, used 23295K [0x00000000a0000000, 0x00000000a9900000, 0x00000000e0000000)
  object space 156672K, 14% used [0x00000000a0000000,0x00000000a16bff60,0x00000000a9900000)
 Metaspace       used 61992K, capacity 63434K, committed 64256K, reserved 1105920K
  class space    used 7811K, capacity 8136K, committed 8448K, reserved 1048576K
Event: 3359.748 GC heap after
Heap after GC invocations=20 (full 5):
 PSYoungGen      total 242176K, used 11168K [0x00000000e0000000, 0x00000000f1d80000, 0x0000000100000000)
  eden space 221696K, 0% used [0x00000000e0000000,0x00000000e0000000,0x00000000ed880000)
  from space 20480K, 54% used [0x00000000ed880000,0x00000000ee368070,0x00000000eec80000)
  to   space 19968K, 0% used [0x00000000f0a00000,0x00000000f0a00000,0x00000000f1d80000)
 ParOldGen       total 156672K, used 23303K [0x00000000a0000000, 0x00000000a9900000, 0x00000000e0000000)
  object space 156672K, 14% used [0x00000000a0000000,0x00000000a16c1f60,0x00000000a9900000)
 Metaspace       used 61992K, capacity 63434K, committed 64256K, reserved 1105920K
  class space    used 7811K, capacity 8136K, committed 8448K, reserved 1048576K
}

