# JRE version: OpenJDK Runtime Environment (8.0_76-b03) (build 1.8.0_76-release-b03)
# Java VM: OpenJDK 64-Bit Server VM (25.76-b03 mixed mode windows-amd64 compressed oops)
Heap:
 PSYoungGen      total 193536K, used 65393K [0x00000000e0000000, 0x00000000ed500000, 0x0000000100000000)
  eden space 173056K, 27% used [0x00000000e0000000,0x00000000e2e58d20,0x00000000ea900000)
  from space 20480K, 87% used [0x00000000ec100000,0x00000000ed283910,0x00000000ed500000)
  to   space 22528K, 0% used [0x00000000ea900000,0x00000000ea900000,0x00000000ebf00000)
 ParOldGen       total 98816K, used 41529K [0x00000000a0000000, 0x00000000a6080000, 0x00000000e0000000)
  object space 98816K, 42% used [0x00000000a0000000,0x00000000a288e6f0,0x00000000a6080000)
 Metaspace       used 58573K, capacity 60990K, committed 61232K, reserved 1101824K
  class space    used 7819K, capacity 8375K, committed 8496K, reserved 1048576K
GC Heap History (10 events):
Event: 10.939 GC heap before
{Heap before GC invocations=13 (full 2):
 PSYoungGen      total 153600K, used 115805K [0x00000000e0000000, 0x00000000eac00000, 0x0000000100000000)
  eden space 141312K, 73% used [0x00000000e0000000,0x00000000e651ed78,0x00000000e8a00000)
  from space 12288K, 99% used [0x00000000e9980000,0x00000000ea5786d8,0x00000000ea580000)
  to   space 15872K, 0% used [0x00000000e8a00000,0x00000000e8a00000,0x00000000e9980000)
 ParOldGen       total 98816K, used 21706K [0x00000000a0000000, 0x00000000a6080000, 0x00000000e0000000)
  object space 98816K, 21% used [0x00000000a0000000,0x00000000a1532970,0x00000000a6080000)
 Metaspace       used 51716K, capacity 53808K, committed 54064K, reserved 1095680K
  class space    used 7102K, capacity 7624K, committed 7728K, reserved 1048576K
Event: 10.965 GC heap after
Heap after GC invocations=13 (full 2):
 PSYoungGen      total 157184K, used 15855K [0x00000000e0000000, 0x00000000eb600000, 0x0000000100000000)
  eden space 141312K, 0% used [0x00000000e0000000,0x00000000e0000000,0x00000000e8a00000)
  from space 15872K, 99% used [0x00000000e8a00000,0x00000000e997be98,0x00000000e9980000)
  to   space 20992K, 0% used [0x00000000ea180000,0x00000000ea180000,0x00000000eb600000)
 ParOldGen       total 98816K, used 31442K [0x00000000a0000000, 0x00000000a6080000, 0x00000000e0000000)
  object space 98816K, 31% used [0x00000000a0000000,0x00000000a1eb4b70,0x00000000a6080000)
 Metaspace       used 51716K, capacity 53808K, committed 54064K, reserved 1095680K
  class space    used 7102K, capacity 7624K, committed 7728K, reserved 1048576K
}
Event: 10.965 GC heap before
{Heap before GC invocations=14 (full 3):
 PSYoungGen      total 157184K, used 15855K [0x00000000e0000000, 0x00000000eb600000, 0x0000000100000000)
  eden space 141312K, 0% used [0x00000000e0000000,0x00000000e0000000,0x00000000e8a00000)
  from space 15872K, 99% used [0x00000000e8a00000,0x00000000e997be98,0x00000000e9980000)
  to   space 20992K, 0% used [0x00000000ea180000,0x00000000ea180000,0x00000000eb600000)
 ParOldGen       total 98816K, used 31442K [0x00000000a0000000, 0x00000000a6080000, 0x00000000e0000000)
  object space 98816K, 31% used [0x00000000a0000000,0x00000000a1eb4b70,0x00000000a6080000)
 Metaspace       used 51716K, capacity 53808K, committed 54064K, reserved 1095680K
  class space    used 7102K, capacity 7624K, committed 7728K, reserved 1048576K
Event: 11.189 GC heap after
Heap after GC invocations=14 (full 3):
 PSYoungGen      total 157184K, used 0K [0x00000000e0000000, 0x00000000eb600000, 0x0000000100000000)
  eden space 141312K, 0% used [0x00000000e0000000,0x00000000e0000000,0x00000000e8a00000)
  from space 15872K, 0% used [0x00000000e8a00000,0x00000000e8a00000,0x00000000e9980000)
  to   space 20992K, 0% used [0x00000000ea180000,0x00000000ea180000,0x00000000eb600000)
 ParOldGen       total 98816K, used 41505K [0x00000000a0000000, 0x00000000a6080000, 0x00000000e0000000)
  object space 98816K, 42% used [0x00000000a0000000,0x00000000a28886f0,0x00000000a6080000)
 Metaspace       used 51716K, capacity 53808K, committed 54064K, reserved 1095680K
  class space    used 7102K, capacity 7624K, committed 7728K, reserved 1048576K
}
Event: 16.271 GC heap before
{Heap before GC invocations=15 (full 3):
 PSYoungGen      total 157184K, used 141312K [0x00000000e0000000, 0x00000000eb600000, 0x0000000100000000)
  eden space 141312K, 100% used [0x00000000e0000000,0x00000000e8a00000,0x00000000e8a00000)
  from space 15872K, 0% used [0x00000000e8a00000,0x00000000e8a00000,0x00000000e9980000)
  to   space 20992K, 0% used [0x00000000ea180000,0x00000000ea180000,0x00000000eb600000)
 ParOldGen       total 98816K, used 41505K [0x00000000a0000000, 0x00000000a6080000, 0x00000000e0000000)
  object space 98816K, 42% used [0x00000000a0000000,0x00000000a28886f0,0x00000000a6080000)
 Metaspace       used 54650K, capacity 56838K, committed 57136K, reserved 1097728K
  class space    used 7395K, capacity 7891K, committed 7984K, reserved 1048576K
Event: 16.279 GC heap after
Heap after GC invocations=15 (full 3):
 PSYoungGen      total 165888K, used 7636K [0x00000000e0000000, 0x00000000ed680000, 0x0000000100000000)
  eden space 144896K, 0% used [0x00000000e0000000,0x00000000e0000000,0x00000000e8d80000)
  from space 20992K, 36% used [0x00000000ea180000,0x00000000ea8f51f0,0x00000000eb600000)
  to   space 20480K, 0% used [0x00000000e8d80000,0x00000000e8d80000,0x00000000ea180000)
 ParOldGen       total 98816K, used 41513K [0x00000000a0000000, 0x00000000a6080000, 0x00000000e0000000)
  object space 98816K, 42% used [0x00000000a0000000,0x00000000a288a6f0,0x00000000a6080000)
 Metaspace       used 54650K, capacity 56838K, committed 57136K, reserved 1097728K
  class space    used 7395K, capacity 7891K, committed 7984K, reserved 1048576K
}
Event: 34.208 GC heap before
{Heap before GC invocations=16 (full 3):
 PSYoungGen      total 165888K, used 152532K [0x00000000e0000000, 0x00000000ed680000, 0x0000000100000000)
  eden space 144896K, 100% used [0x00000000e0000000,0x00000000e8d80000,0x00000000e8d80000)
  from space 20992K, 36% used [0x00000000ea180000,0x00000000ea8f51f0,0x00000000eb600000)
  to   space 20480K, 0% used [0x00000000e8d80000,0x00000000e8d80000,0x00000000ea180000)
 ParOldGen       total 98816K, used 41513K [0x00000000a0000000, 0x00000000a6080000, 0x00000000e0000000)
  object space 98816K, 42% used [0x00000000a0000000,0x00000000a288a6f0,0x00000000a6080000)
 Metaspace       used 56346K, capacity 58580K, committed 58928K, reserved 1099776K
  class space    used 7607K, capacity 8114K, committed 8240K, reserved 1048576K
Event: 34.214 GC heap after
Heap after GC invocations=16 (full 3):
 PSYoungGen      total 165376K, used 6167K [0x00000000e0000000, 0x00000000ed500000, 0x0000000100000000)
  eden space 144896K, 0% used [0x00000000e0000000,0x00000000e0000000,0x00000000e8d80000)
  from space 20480K, 30% used [0x00000000e8d80000,0x00000000e9385c88,0x00000000ea180000)
  to   space 20480K, 0% used [0x00000000ec100000,0x00000000ec100000,0x00000000ed500000)
 ParOldGen       total 98816K, used 41521K [0x00000000a0000000, 0x00000000a6080000, 0x00000000e0000000)
  object space 98816K, 42% used [0x00000000a0000000,0x00000000a288c6f0,0x00000000a6080000)
 Metaspace       used 56346K, capacity 58580K, committed 58928K, reserved 1099776K
  class space    used 7607K, capacity 8114K, committed 8240K, reserved 1048576K
}
Event: 40.229 GC heap before
{Heap before GC invocations=17 (full 3):
 PSYoungGen      total 165376K, used 151063K [0x00000000e0000000, 0x00000000ed500000, 0x0000000100000000)
  eden space 144896K, 100% used [0x00000000e0000000,0x00000000e8d80000,0x00000000e8d80000)
  from space 20480K, 30% used [0x00000000e8d80000,0x00000000e9385c88,0x00000000ea180000)
  to   space 20480K, 0% used [0x00000000ec100000,0x00000000ec100000,0x00000000ed500000)
 ParOldGen       total 98816K, used 41521K [0x00000000a0000000, 0x00000000a6080000, 0x00000000e0000000)
  object space 98816K, 42% used [0x00000000a0000000,0x00000000a288c6f0,0x00000000a6080000)
 Metaspace       used 58416K, capacity 60844K, committed 60976K, reserved 1101824K
  class space    used 7811K, capacity 8372K, committed 8496K, reserved 1048576K
Event: 40.245 GC heap after
Heap after GC invocations=17 (full 3):
 PSYoungGen      total 193536K, used 17934K [0x00000000e0000000, 0x00000000ed500000, 0x0000000100000000)
  eden space 173056K, 0% used [0x00000000e0000000,0x00000000e0000000,0x00000000ea900000)
  from space 20480K, 87% used [0x00000000ec100000,0x00000000ed283910,0x00000000ed500000)
  to   space 22528K, 0% used [0x00000000ea900000,0x00000000ea900000,0x00000000ebf00000)
 ParOldGen       total 98816K, used 41529K [0x00000000a0000000, 0x00000000a6080000, 0x00000000e0000000)
  object space 98816K, 42% used [0x00000000a0000000,0x00000000a288e6f0,0x00000000a6080000)
 Metaspace       used 58416K, capacity 60844K, committed 60976K, reserved 1101824K
  class space    used 7811K, capacity 8372K, committed 8496K, reserved 1048576K
}

