# JRE version: OpenJDK Runtime Environment (8.0_76-b03) (build 1.8.0_76-release-b03)
# Java VM: OpenJDK 64-Bit Server VM (25.76-b03 mixed mode windows-amd64 compressed oops)
Heap:
 PSYoungGen      total 194560K, used 143885K [0x00000000e0000000, 0x00000000ed900000, 0x0000000100000000)
  eden space 180224K, 76% used [0x00000000e0000000,0x00000000e85e5a70,0x00000000eb000000)
  from space 14336K, 47% used [0x00000000ecb00000,0x00000000ed19dc88,0x00000000ed900000)
  to   space 20992K, 0% used [0x00000000eb000000,0x00000000eb000000,0x00000000ec480000)
 ParOldGen       total 90112K, used 43658K [0x00000000a0000000, 0x00000000a5800000, 0x00000000e0000000)
  object space 90112K, 48% used [0x00000000a0000000,0x00000000a2aa2bc0,0x00000000a5800000)
 Metaspace       used 58310K, capacity 60690K, committed 60848K, reserved 1101824K
  class space    used 7813K, capacity 8367K, committed 8368K, reserved 1048576K
GC Heap History (10 events):
Event: 15.164 GC heap before
{Heap before GC invocations=15 (full 2):
 PSYoungGen      total 122368K, used 122367K [0x00000000e0000000, 0x00000000e8a00000, 0x0000000100000000)
  eden space 111104K, 100% used [0x00000000e0000000,0x00000000e6c80000,0x00000000e6c80000)
  from space 11264K, 99% used [0x00000000e7a00000,0x00000000e84ffc78,0x00000000e8500000)
  to   space 13824K, 0% used [0x00000000e6c80000,0x00000000e6c80000,0x00000000e7a00000)
 ParOldGen       total 90112K, used 17760K [0x00000000a0000000, 0x00000000a5800000, 0x00000000e0000000)
  object space 90112K, 19% used [0x00000000a0000000,0x00000000a11582f8,0x00000000a5800000)
 Metaspace       used 49949K, capacity 51520K, committed 51760K, reserved 1093632K
  class space    used 6770K, capacity 7150K, committed 7216K, reserved 1048576K
Event: 15.201 GC heap after
Heap after GC invocations=15 (full 2):
 PSYoungGen      total 124928K, used 13794K [0x00000000e0000000, 0x00000000eb580000, 0x0000000100000000)
  eden space 111104K, 0% used [0x00000000e0000000,0x00000000e0000000,0x00000000e6c80000)
  from space 13824K, 99% used [0x00000000e6c80000,0x00000000e79f88d0,0x00000000e7a00000)
  to   space 18944K, 0% used [0x00000000ea300000,0x00000000ea300000,0x00000000eb580000)
 ParOldGen       total 90112K, used 27359K [0x00000000a0000000, 0x00000000a5800000, 0x00000000e0000000)
  object space 90112K, 30% used [0x00000000a0000000,0x00000000a1ab7cb0,0x00000000a5800000)
 Metaspace       used 49949K, capacity 51520K, committed 51760K, reserved 1093632K
  class space    used 6770K, capacity 7150K, committed 7216K, reserved 1048576K
}
Event: 16.529 GC heap before
{Heap before GC invocations=16 (full 2):
 PSYoungGen      total 124928K, used 60635K [0x00000000e0000000, 0x00000000eb580000, 0x0000000100000000)
  eden space 111104K, 42% used [0x00000000e0000000,0x00000000e2dbe4c8,0x00000000e6c80000)
  from space 13824K, 99% used [0x00000000e6c80000,0x00000000e79f88d0,0x00000000e7a00000)
  to   space 18944K, 0% used [0x00000000ea300000,0x00000000ea300000,0x00000000eb580000)
 ParOldGen       total 90112K, used 27359K [0x00000000a0000000, 0x00000000a5800000, 0x00000000e0000000)
  object space 90112K, 30% used [0x00000000a0000000,0x00000000a1ab7cb0,0x00000000a5800000)
 Metaspace       used 51790K, capacity 53852K, committed 54064K, reserved 1095680K
  class space    used 7110K, capacity 7618K, committed 7728K, reserved 1048576K
Event: 16.632 GC heap after
Heap after GC invocations=16 (full 2):
 PSYoungGen      total 163328K, used 18912K [0x00000000e0000000, 0x00000000ebc80000, 0x0000000100000000)
  eden space 144384K, 0% used [0x00000000e0000000,0x00000000e0000000,0x00000000e8d00000)
  from space 18944K, 99% used [0x00000000ea300000,0x00000000eb578098,0x00000000eb580000)
  to   space 22528K, 0% used [0x00000000e8d00000,0x00000000e8d00000,0x00000000ea300000)
 ParOldGen       total 90112K, used 29217K [0x00000000a0000000, 0x00000000a5800000, 0x00000000e0000000)
  object space 90112K, 32% used [0x00000000a0000000,0x00000000a1c885a0,0x00000000a5800000)
 Metaspace       used 51790K, capacity 53852K, committed 54064K, reserved 1095680K
  class space    used 7110K, capacity 7618K, committed 7728K, reserved 1048576K
}
Event: 16.632 GC heap before
{Heap before GC invocations=17 (full 3):
 PSYoungGen      total 163328K, used 18912K [0x00000000e0000000, 0x00000000ebc80000, 0x0000000100000000)
  eden space 144384K, 0% used [0x00000000e0000000,0x00000000e0000000,0x00000000e8d00000)
  from space 18944K, 99% used [0x00000000ea300000,0x00000000eb578098,0x00000000eb580000)
  to   space 22528K, 0% used [0x00000000e8d00000,0x00000000e8d00000,0x00000000ea300000)
 ParOldGen       total 90112K, used 29217K [0x00000000a0000000, 0x00000000a5800000, 0x00000000e0000000)
  object space 90112K, 32% used [0x00000000a0000000,0x00000000a1c885a0,0x00000000a5800000)
 Metaspace       used 51790K, capacity 53852K, committed 54064K, reserved 1095680K
  class space    used 7110K, capacity 7618K, committed 7728K, reserved 1048576K
Event: 16.992 GC heap after
Heap after GC invocations=17 (full 3):
 PSYoungGen      total 163328K, used 0K [0x00000000e0000000, 0x00000000ebc80000, 0x0000000100000000)
  eden space 144384K, 0% used [0x00000000e0000000,0x00000000e0000000,0x00000000e8d00000)
  from space 18944K, 0% used [0x00000000ea300000,0x00000000ea300000,0x00000000eb580000)
  to   space 22528K, 0% used [0x00000000e8d00000,0x00000000e8d00000,0x00000000ea300000)
 ParOldGen       total 90112K, used 43642K [0x00000000a0000000, 0x00000000a5800000, 0x00000000e0000000)
  object space 90112K, 48% used [0x00000000a0000000,0x00000000a2a9ebc0,0x00000000a5800000)
 Metaspace       used 51790K, capacity 53852K, committed 54064K, reserved 1095680K
  class space    used 7110K, capacity 7618K, committed 7728K, reserved 1048576K
}
Event: 25.078 GC heap before
{Heap before GC invocations=18 (full 3):
 PSYoungGen      total 163328K, used 144384K [0x00000000e0000000, 0x00000000ebc80000, 0x0000000100000000)
  eden space 144384K, 100% used [0x00000000e0000000,0x00000000e8d00000,0x00000000e8d00000)
  from space 18944K, 0% used [0x00000000ea300000,0x00000000ea300000,0x00000000eb580000)
  to   space 22528K, 0% used [0x00000000e8d00000,0x00000000e8d00000,0x00000000ea300000)
 ParOldGen       total 90112K, used 43642K [0x00000000a0000000, 0x00000000a5800000, 0x00000000e0000000)
  object space 90112K, 48% used [0x00000000a0000000,0x00000000a2a9ebc0,0x00000000a5800000)
 Metaspace       used 54600K, capacity 56786K, committed 56880K, reserved 1097728K
  class space    used 7404K, capacity 7917K, committed 7984K, reserved 1048576K
Event: 25.096 GC heap after
Heap after GC invocations=18 (full 3):
 PSYoungGen      total 166912K, used 7828K [0x00000000e0000000, 0x00000000ee000000, 0x0000000100000000)
  eden space 144384K, 0% used [0x00000000e0000000,0x00000000e0000000,0x00000000e8d00000)
  from space 22528K, 34% used [0x00000000e8d00000,0x00000000e94a51f0,0x00000000ea300000)
  to   space 21504K, 0% used [0x00000000ecb00000,0x00000000ecb00000,0x00000000ee000000)
 ParOldGen       total 90112K, used 43650K [0x00000000a0000000, 0x00000000a5800000, 0x00000000e0000000)
  object space 90112K, 48% used [0x00000000a0000000,0x00000000a2aa0bc0,0x00000000a5800000)
 Metaspace       used 54600K, capacity 56786K, committed 56880K, reserved 1097728K
  class space    used 7404K, capacity 7917K, committed 7984K, reserved 1048576K
}
Event: 806.705 GC heap before
{Heap before GC invocations=19 (full 3):
 PSYoungGen      total 166912K, used 152212K [0x00000000e0000000, 0x00000000ee000000, 0x0000000100000000)
  eden space 144384K, 100% used [0x00000000e0000000,0x00000000e8d00000,0x00000000e8d00000)
  from space 22528K, 34% used [0x00000000e8d00000,0x00000000e94a51f0,0x00000000ea300000)
  to   space 21504K, 0% used [0x00000000ecb00000,0x00000000ecb00000,0x00000000ee000000)
 ParOldGen       total 90112K, used 43650K [0x00000000a0000000, 0x00000000a5800000, 0x00000000e0000000)
  object space 90112K, 48% used [0x00000000a0000000,0x00000000a2aa0bc0,0x00000000a5800000)
 Metaspace       used 56310K, capacity 58528K, committed 58672K, reserved 1099776K
  class space    used 7619K, capacity 8140K, committed 8240K, reserved 1048576K
Event: 806.713 GC heap after
Heap after GC invocations=19 (full 3):
 PSYoungGen      total 194560K, used 6775K [0x00000000e0000000, 0x00000000ed900000, 0x0000000100000000)
  eden space 180224K, 0% used [0x00000000e0000000,0x00000000e0000000,0x00000000eb000000)
  from space 14336K, 47% used [0x00000000ecb00000,0x00000000ed19dc88,0x00000000ed900000)
  to   space 20992K, 0% used [0x00000000eb000000,0x00000000eb000000,0x00000000ec480000)
 ParOldGen       total 90112K, used 43658K [0x00000000a0000000, 0x00000000a5800000, 0x00000000e0000000)
  object space 90112K, 48% used [0x00000000a0000000,0x00000000a2aa2bc0,0x00000000a5800000)
 Metaspace       used 56310K, capacity 58528K, committed 58672K, reserved 1099776K
  class space    used 7619K, capacity 8140K, committed 8240K, reserved 1048576K
}

