# JRE version: OpenJDK Runtime Environment (8.0_76-b03) (build 1.8.0_76-release-b03)
# Java VM: OpenJDK 64-Bit Server VM (25.76-b03 mixed mode windows-amd64 compressed oops)
Heap:
 PSYoungGen      total 405504K, used 235738K [0x00000000e0000000, 0x00000000fdd00000, 0x0000000100000000)
  eden space 357888K, 52% used [0x00000000e0000000,0x00000000eb7be748,0x00000000f5d80000)
  from space 47616K, 99% used [0x00000000f9600000,0x00000000fc478100,0x00000000fc480000)
  to   space 57856K, 0% used [0x00000000f5d80000,0x00000000f5d80000,0x00000000f9600000)
 ParOldGen       total 155648K, used 86441K [0x00000000a0000000, 0x00000000a9800000, 0x00000000e0000000)
  object space 155648K, 55% used [0x00000000a0000000,0x00000000a546a6c8,0x00000000a9800000)
 Metaspace       used 64167K, capacity 65806K, committed 65920K, reserved 1105920K
  class space    used 8138K, capacity 8530K, committed 8576K, reserved 1048576K
GC Heap History (10 events):
Event: 43.368 GC heap before
{Heap before GC invocations=17 (full 3):
 PSYoungGen      total 225792K, used 206385K [0x00000000e0000000, 0x00000000f1d80000, 0x0000000100000000)
  eden space 198656K, 100% used [0x00000000e0000000,0x00000000ec200000,0x00000000ec200000)
  from space 27136K, 28% used [0x00000000ec200000,0x00000000ec98c5e8,0x00000000edc80000)
  to   space 26112K, 0% used [0x00000000f0400000,0x00000000f0400000,0x00000000f1d80000)
 ParOldGen       total 155648K, used 48907K [0x00000000a0000000, 0x00000000a9800000, 0x00000000e0000000)
  object space 155648K, 31% used [0x00000000a0000000,0x00000000a2fc2d20,0x00000000a9800000)
 Metaspace       used 60731K, capacity 62408K, committed 62592K, reserved 1103872K
  class space    used 7883K, capacity 8297K, committed 8320K, reserved 1048576K
Event: 43.381 GC heap after
Heap after GC invocations=17 (full 3):
 PSYoungGen      total 257024K, used 9136K [0x00000000e0000000, 0x00000000f1800000, 0x0000000100000000)
  eden space 236544K, 0% used [0x00000000e0000000,0x00000000e0000000,0x00000000ee700000)
  from space 20480K, 44% used [0x00000000f0400000,0x00000000f0cec180,0x00000000f1800000)
  to   space 25088K, 0% used [0x00000000ee700000,0x00000000ee700000,0x00000000eff80000)
 ParOldGen       total 155648K, used 48915K [0x00000000a0000000, 0x00000000a9800000, 0x00000000e0000000)
  object space 155648K, 31% used [0x00000000a0000000,0x00000000a2fc4d20,0x00000000a9800000)
 Metaspace       used 60731K, capacity 62408K, committed 62592K, reserved 1103872K
  class space    used 7883K, capacity 8297K, committed 8320K, reserved 1048576K
}
Event: 45.298 GC heap before
{Heap before GC invocations=18 (full 3):
 PSYoungGen      total 257024K, used 245680K [0x00000000e0000000, 0x00000000f1800000, 0x0000000100000000)
  eden space 236544K, 100% used [0x00000000e0000000,0x00000000ee700000,0x00000000ee700000)
  from space 20480K, 44% used [0x00000000f0400000,0x00000000f0cec180,0x00000000f1800000)
  to   space 25088K, 0% used [0x00000000ee700000,0x00000000ee700000,0x00000000eff80000)
 ParOldGen       total 155648K, used 48915K [0x00000000a0000000, 0x00000000a9800000, 0x00000000e0000000)
  object space 155648K, 31% used [0x00000000a0000000,0x00000000a2fc4d20,0x00000000a9800000)
 Metaspace       used 63892K, capacity 65614K, committed 65920K, reserved 1105920K
  class space    used 8137K, capacity 8530K, committed 8576K, reserved 1048576K
Event: 45.359 GC heap after
Heap after GC invocations=18 (full 3):
 PSYoungGen      total 261632K, used 20231K [0x00000000e0000000, 0x00000000f5780000, 0x0000000100000000)
  eden space 236544K, 0% used [0x00000000e0000000,0x00000000e0000000,0x00000000ee700000)
  from space 25088K, 80% used [0x00000000ee700000,0x00000000efac1c58,0x00000000eff80000)
  to   space 27136K, 0% used [0x00000000f3d00000,0x00000000f3d00000,0x00000000f5780000)
 ParOldGen       total 155648K, used 48923K [0x00000000a0000000, 0x00000000a9800000, 0x00000000e0000000)
  object space 155648K, 31% used [0x00000000a0000000,0x00000000a2fc6d20,0x00000000a9800000)
 Metaspace       used 63892K, capacity 65614K, committed 65920K, reserved 1105920K
  class space    used 8137K, capacity 8530K, committed 8576K, reserved 1048576K
}
Event: 46.992 GC heap before
{Heap before GC invocations=19 (full 3):
 PSYoungGen      total 261632K, used 256775K [0x00000000e0000000, 0x00000000f5780000, 0x0000000100000000)
  eden space 236544K, 100% used [0x00000000e0000000,0x00000000ee700000,0x00000000ee700000)
  from space 25088K, 80% used [0x00000000ee700000,0x00000000efac1c58,0x00000000eff80000)
  to   space 27136K, 0% used [0x00000000f3d00000,0x00000000f3d00000,0x00000000f5780000)
 ParOldGen       total 155648K, used 48923K [0x00000000a0000000, 0x00000000a9800000, 0x00000000e0000000)
  object space 155648K, 31% used [0x00000000a0000000,0x00000000a2fc6d20,0x00000000a9800000)
 Metaspace       used 64077K, capacity 65742K, committed 65920K, reserved 1105920K
  class space    used 8137K, capacity 8530K, committed 8576K, reserved 1048576K
Event: 47.039 GC heap after
Heap after GC invocations=19 (full 3):
 PSYoungGen      total 320000K, used 27118K [0x00000000e0000000, 0x00000000f6800000, 0x0000000100000000)
  eden space 292864K, 0% used [0x00000000e0000000,0x00000000e0000000,0x00000000f1e00000)
  from space 27136K, 99% used [0x00000000f3d00000,0x00000000f577ba38,0x00000000f5780000)
  to   space 31744K, 0% used [0x00000000f1e00000,0x00000000f1e00000,0x00000000f3d00000)
 ParOldGen       total 155648K, used 49834K [0x00000000a0000000, 0x00000000a9800000, 0x00000000e0000000)
  object space 155648K, 32% used [0x00000000a0000000,0x00000000a30aaa90,0x00000000a9800000)
 Metaspace       used 64077K, capacity 65742K, committed 65920K, reserved 1105920K
  class space    used 8137K, capacity 8530K, committed 8576K, reserved 1048576K
}
Event: 48.493 GC heap before
{Heap before GC invocations=20 (full 3):
 PSYoungGen      total 320000K, used 319982K [0x00000000e0000000, 0x00000000f6800000, 0x0000000100000000)
  eden space 292864K, 100% used [0x00000000e0000000,0x00000000f1e00000,0x00000000f1e00000)
  from space 27136K, 99% used [0x00000000f3d00000,0x00000000f577ba38,0x00000000f5780000)
  to   space 31744K, 0% used [0x00000000f1e00000,0x00000000f1e00000,0x00000000f3d00000)
 ParOldGen       total 155648K, used 49834K [0x00000000a0000000, 0x00000000a9800000, 0x00000000e0000000)
  object space 155648K, 32% used [0x00000000a0000000,0x00000000a30aaa90,0x00000000a9800000)
 Metaspace       used 64112K, capacity 65806K, committed 65920K, reserved 1105920K
  class space    used 8138K, capacity 8530K, committed 8576K, reserved 1048576K
Event: 48.624 GC heap after
Heap after GC invocations=20 (full 3):
 PSYoungGen      total 324608K, used 31716K [0x00000000e0000000, 0x00000000fc480000, 0x0000000100000000)
  eden space 292864K, 0% used [0x00000000e0000000,0x00000000e0000000,0x00000000f1e00000)
  from space 31744K, 99% used [0x00000000f1e00000,0x00000000f3cf9320,0x00000000f3d00000)
  to   space 47616K, 0% used [0x00000000f9600000,0x00000000f9600000,0x00000000fc480000)
 ParOldGen       total 155648K, used 80516K [0x00000000a0000000, 0x00000000a9800000, 0x00000000e0000000)
  object space 155648K, 51% used [0x00000000a0000000,0x00000000a4ea13b8,0x00000000a9800000)
 Metaspace       used 64112K, capacity 65806K, committed 65920K, reserved 1105920K
  class space    used 8138K, capacity 8530K, committed 8576K, reserved 1048576K
}
Event: 50.257 GC heap before
{Heap before GC invocations=21 (full 3):
 PSYoungGen      total 324608K, used 324580K [0x00000000e0000000, 0x00000000fc480000, 0x0000000100000000)
  eden space 292864K, 100% used [0x00000000e0000000,0x00000000f1e00000,0x00000000f1e00000)
  from space 31744K, 99% used [0x00000000f1e00000,0x00000000f3cf9320,0x00000000f3d00000)
  to   space 47616K, 0% used [0x00000000f9600000,0x00000000f9600000,0x00000000fc480000)
 ParOldGen       total 155648K, used 80516K [0x00000000a0000000, 0x00000000a9800000, 0x00000000e0000000)
  object space 155648K, 51% used [0x00000000a0000000,0x00000000a4ea13b8,0x00000000a9800000)
 Metaspace       used 64166K, capacity 65806K, committed 65920K, reserved 1105920K
  class space    used 8138K, capacity 8530K, committed 8576K, reserved 1048576K
Event: 50.362 GC heap after
Heap after GC invocations=21 (full 3):
 PSYoungGen      total 405504K, used 47584K [0x00000000e0000000, 0x00000000fdd00000, 0x0000000100000000)
  eden space 357888K, 0% used [0x00000000e0000000,0x00000000e0000000,0x00000000f5d80000)
  from space 47616K, 99% used [0x00000000f9600000,0x00000000fc478100,0x00000000fc480000)
  to   space 57856K, 0% used [0x00000000f5d80000,0x00000000f5d80000,0x00000000f9600000)
 ParOldGen       total 155648K, used 86441K [0x00000000a0000000, 0x00000000a9800000, 0x00000000e0000000)
  object space 155648K, 55% used [0x00000000a0000000,0x00000000a546a6c8,0x00000000a9800000)
 Metaspace       used 64166K, capacity 65806K, committed 65920K, reserved 1105920K
  class space    used 8138K, capacity 8530K, committed 8576K, reserved 1048576K
}

